2019-03-21 15:21:21,274 - Log4JLogChute initialized using file 'velocity.log'
2019-03-21 15:21:21,274 - Initializing Velocity, Calling init()...
2019-03-21 15:21:21,274 - Starting Apache Velocity v1.7 (compiled: 2010-11-19 12:14:37)
2019-03-21 15:21:21,275 - Default Properties File: org\apache\velocity\runtime\defaults\velocity.properties
2019-03-21 15:21:21,275 - Trying to use logger class org.apache.velocity.runtime.log.AvalonLogChute
2019-03-21 15:21:21,275 - Target log system for org.apache.velocity.runtime.log.AvalonLogChute is not available (java.lang.NoClassDefFoundError: org/apache/log/Priority).  Falling back to next log system...
2019-03-21 15:21:21,275 - Trying to use logger class org.apache.velocity.runtime.log.Log4JLogChute
2019-03-21 15:21:21,275 - Using logger class org.apache.velocity.runtime.log.Log4JLogChute
2019-03-21 15:21:21,295 - ResourceLoader instantiated: org.apache.velocity.runtime.resource.loader.ClasspathResourceLoader
2019-03-21 15:21:21,356 - ResourceCache: initialized (class org.apache.velocity.runtime.resource.ResourceCacheImpl) with class java.util.Collections$SynchronizedMap cache map.
2019-03-21 15:21:21,362 - Loaded System Directive: org.apache.velocity.runtime.directive.Stop
2019-03-21 15:21:21,363 - Loaded System Directive: org.apache.velocity.runtime.directive.Define
2019-03-21 15:21:21,364 - Loaded System Directive: org.apache.velocity.runtime.directive.Break
2019-03-21 15:21:21,365 - Loaded System Directive: org.apache.velocity.runtime.directive.Evaluate
2019-03-21 15:21:21,366 - Loaded System Directive: org.apache.velocity.runtime.directive.Literal
2019-03-21 15:21:21,371 - Loaded System Directive: org.apache.velocity.runtime.directive.Macro
2019-03-21 15:21:21,382 - Loaded System Directive: org.apache.velocity.runtime.directive.Parse
2019-03-21 15:21:21,383 - Loaded System Directive: org.apache.velocity.runtime.directive.Include
2019-03-21 15:21:21,384 - Loaded System Directive: org.apache.velocity.runtime.directive.Foreach
2019-03-21 15:21:21,420 - Created '20' parsers.
2019-03-21 15:21:21,443 - Velocimacro : "velocimacro.library" is not set.  Trying default library: VM_global_library.vm
2019-03-21 15:21:21,458 - Could not load resource 'VM_global_library.vm' from ResourceLoader org.apache.velocity.runtime.resource.loader.ClasspathResourceLoader: ClasspathResourceLoader Error: cannot find resource VM_global_library.vm
2019-03-21 15:21:21,458 - Velocimacro : Default library not found.
2019-03-21 15:21:21,458 - Velocimacro : allowInline = true : VMs can be defined inline in templates
2019-03-21 15:21:21,459 - Velocimacro : allowInlineToOverride = false : VMs defined inline may NOT replace previous VM definitions
2019-03-21 15:21:21,459 - Velocimacro : allowInlineLocal = false : VMs defined inline will be global in scope if allowed.
2019-03-21 15:21:21,459 - Velocimacro : autoload off : VM system will not automatically reload global library macros
2019-03-21 15:21:21,561 - ResourceManager : found templates/common/generator/domain.java.vm with loader org.apache.velocity.runtime.resource.loader.ClasspathResourceLoader
2019-03-21 15:21:21,706 - ResourceManager : found templates/common/generator/Dao.java.vm with loader org.apache.velocity.runtime.resource.loader.ClasspathResourceLoader
2019-03-21 15:21:21,807 - ResourceManager : found templates/common/generator/Mapper.xml.vm with loader org.apache.velocity.runtime.resource.loader.ClasspathResourceLoader
2019-03-21 15:21:21,854 - Null reference [template 'templates/common/generator/Mapper.xml.vm', line 22, column 26] : ${sort} cannot be resolved.
2019-03-21 15:21:21,854 - Null reference [template 'templates/common/generator/Mapper.xml.vm', line 22, column 34] : ${order} cannot be resolved.
2019-03-21 15:21:21,858 - ResourceManager : found templates/common/generator/Service.java.vm with loader org.apache.velocity.runtime.resource.loader.ClasspathResourceLoader
2019-03-21 15:21:21,888 - ResourceManager : found templates/common/generator/ServiceImpl.java.vm with loader org.apache.velocity.runtime.resource.loader.ClasspathResourceLoader
2019-03-21 15:21:21,904 - ResourceManager : found templates/common/generator/Controller.java.vm with loader org.apache.velocity.runtime.resource.loader.ClasspathResourceLoader
2019-03-21 15:21:21,912 - ResourceManager : found templates/common/generator/list.html.vm with loader org.apache.velocity.runtime.resource.loader.ClasspathResourceLoader
2019-03-21 15:21:21,925 - ResourceManager : found templates/common/generator/add.html.vm with loader org.apache.velocity.runtime.resource.loader.ClasspathResourceLoader
2019-03-21 15:21:21,936 - ResourceManager : found templates/common/generator/edit.html.vm with loader org.apache.velocity.runtime.resource.loader.ClasspathResourceLoader
2019-03-21 15:21:21,947 - ResourceManager : found templates/common/generator/list.js.vm with loader org.apache.velocity.runtime.resource.loader.ClasspathResourceLoader
2019-03-21 15:21:21,953 - ResourceManager : found templates/common/generator/add.js.vm with loader org.apache.velocity.runtime.resource.loader.ClasspathResourceLoader
2019-03-21 15:21:21,961 - ResourceManager : found templates/common/generator/edit.js.vm with loader org.apache.velocity.runtime.resource.loader.ClasspathResourceLoader
